{
  "rows_returned": 15057,
  "latency": 0.07959944,
  "result_set_size": 1385244,
  "cumulative_rows_scanned": 1382622617,
  "cumulative_cardinality": 1034071,
  "extra_info": {},
  "cpu_time": 1.0401908189999998,
  "blocked_thread_time": 0.12,
  "query_name": "select i_item_id ,i_item_desc ,i_category ,i_class ,i_current_price ,sum(ss_ext_sales_price) as itemrevenue ,sum(ss_ext_sales_price)*100/sum(sum(ss_ext_sales_price)) over (partition by i_class) as revenueratio from store_sales ,item ,date_dim where ss_item_sk = i_item_sk and i_category in ('Women', 'Jewelry', 'Books') and ss_sold_date_sk = d_date_sk and d_date between cast('1998-04-14' as date) and (cast('1998-04-14' as date) + INTERVAL '30' DAY) group by i_item_id ,i_item_desc ,i_category ,i_class ,i_current_price order by i_category ,i_class ,i_item_id ,i_item_desc ,revenueratio",
  "children": [
    {
      "result_set_size": 1385244,
      "operator_timing": 0.000503723,
      "operator_rows_scanned": 0,
      "cumulative_rows_scanned": 1382622617,
      "operator_cardinality": 15057,
      "operator_type": "PROJECTION",
      "operator_name": "PROJECTION",
      "cumulative_cardinality": 1034071,
      "extra_info": {
        "Projections": [
          "#0",
          "#1",
          "__internal_decompress_string(#2)",
          "__internal_decompress_string(#3)",
          "#4",
          "#5",
          "#6"
        ],
        "Estimated Cardinality": "459315"
      },
      "cpu_time": 1.0401908189999998,
      "children": [
        {
          "result_set_size": 1385244,
          "operator_timing": 0.05656062099999998,
          "operator_rows_scanned": 0,
          "cumulative_rows_scanned": 1382622617,
          "operator_cardinality": 15057,
          "operator_type": "ORDER_BY",
          "operator_name": "ORDER_BY",
          "cumulative_cardinality": 1019014,
          "extra_info": {
            "Order By": [
              "\"10gb\".main.item.i_category ASC",
              "\"10gb\".main.item.i_class ASC",
              "\"10gb\".main.item.i_item_id ASC",
              "\"10gb\".main.item.i_item_desc ASC",
              "((sum(\"10gb\".main.store_sales.ss_ext_sales_price) * 100) / sum(sum(\"10gb\".main.store_sales.ss_ext_sales_price)) OVER (PARTITION BY \"10gb\".main.item.i_class)) ASC"
            ]
          },
          "cpu_time": 1.0396870959999998,
          "children": [
            {
              "result_set_size": 1385244,
              "operator_timing": 0.000445623,
              "operator_rows_scanned": 0,
              "cumulative_rows_scanned": 1382622617,
              "operator_cardinality": 15057,
              "operator_type": "PROJECTION",
              "operator_name": "PROJECTION",
              "cumulative_cardinality": 1003957,
              "extra_info": {
                "Projections": [
                  "#0",
                  "#1",
                  "__internal_compress_string_hugeint(#2)",
                  "__internal_compress_string_hugeint(#3)",
                  "#4",
                  "#5",
                  "#6"
                ],
                "Estimated Cardinality": "459315"
              },
              "cpu_time": 0.9831264749999997,
              "children": [
                {
                  "result_set_size": 1385244,
                  "operator_timing": 0.0015990059999999998,
                  "operator_rows_scanned": 0,
                  "cumulative_rows_scanned": 1382622617,
                  "operator_cardinality": 15057,
                  "operator_type": "PROJECTION",
                  "operator_name": "PROJECTION",
                  "cumulative_cardinality": 988900,
                  "extra_info": {
                    "Projections": [
                      "i_item_id",
                      "i_item_desc",
                      "i_category",
                      "i_class",
                      "i_current_price",
                      "itemrevenue",
                      "revenueratio"
                    ],
                    "Estimated Cardinality": "459315"
                  },
                  "cpu_time": 0.9826808519999998,
                  "children": [
                    {
                      "result_set_size": 1505700,
                      "operator_timing": 2.1697e-05,
                      "operator_rows_scanned": 0,
                      "cumulative_rows_scanned": 1382622617,
                      "operator_cardinality": 15057,
                      "operator_type": "PROJECTION",
                      "operator_name": "PROJECTION",
                      "cumulative_cardinality": 973843,
                      "extra_info": {
                        "Projections": [
                          "#0",
                          "#1",
                          "#2",
                          "#3",
                          "#4",
                          "#5",
                          "#6"
                        ],
                        "Estimated Cardinality": "459315"
                      },
                      "cpu_time": 0.9810818459999998,
                      "children": [
                        {
                          "result_set_size": 1505700,
                          "operator_timing": 0.102663884,
                          "operator_rows_scanned": 0,
                          "cumulative_rows_scanned": 1382622617,
                          "operator_cardinality": 15057,
                          "operator_type": "WINDOW",
                          "operator_name": "WINDOW",
                          "cumulative_cardinality": 958786,
                          "extra_info": {
                            "Projections": "sum(sum(ss_ext_sales_price)) OVER (PARTITION BY i_class)"
                          },
                          "cpu_time": 0.9810601489999998,
                          "children": [
                            {
                              "result_set_size": 1264788,
                              "operator_timing": 0.000545645,
                              "operator_rows_scanned": 0,
                              "cumulative_rows_scanned": 1382622617,
                              "operator_cardinality": 15057,
                              "operator_type": "PROJECTION",
                              "operator_name": "PROJECTION",
                              "cumulative_cardinality": 943729,
                              "extra_info": {
                                "Projections": [
                                  "#0",
                                  "#1",
                                  "__internal_decompress_string(#2)",
                                  "__internal_decompress_string(#3)",
                                  "#4",
                                  "#5"
                                ],
                                "Estimated Cardinality": "459315"
                              },
                              "cpu_time": 0.8783962649999998,
                              "children": [
                                {
                                  "result_set_size": 1264788,
                                  "operator_timing": 0.099174561,
                                  "operator_rows_scanned": 0,
                                  "cumulative_rows_scanned": 1382622617,
                                  "operator_cardinality": 15057,
                                  "operator_type": "HASH_GROUP_BY",
                                  "operator_name": "HASH_GROUP_BY",
                                  "cumulative_cardinality": 928672,
                                  "extra_info": {
                                    "Groups": [
                                      "#0",
                                      "#1",
                                      "#2",
                                      "#3",
                                      "#4"
                                    ],
                                    "Aggregates": "sum(#5)",
                                    "Estimated Cardinality": "459315"
                                  },
                                  "cpu_time": 0.8778506199999998,
                                  "children": [
                                    {
                                      "result_set_size": 5766984,
                                      "operator_timing": 0.0002964500000000001,
                                      "operator_rows_scanned": 0,
                                      "cumulative_rows_scanned": 1382622617,
                                      "operator_cardinality": 80097,
                                      "operator_type": "PROJECTION",
                                      "operator_name": "PROJECTION",
                                      "cumulative_cardinality": 913615,
                                      "extra_info": {
                                        "Projections": [
                                          "i_item_id",
                                          "i_item_desc",
                                          "i_category",
                                          "i_class",
                                          "i_current_price",
                                          "ss_ext_sales_price"
                                        ],
                                        "Estimated Cardinality": "1223312"
                                      },
                                      "cpu_time": 0.7786760589999998,
                                      "children": [
                                        {
                                          "result_set_size": 5766984,
                                          "operator_timing": 0.0060303460000000015,
                                          "operator_rows_scanned": 0,
                                          "cumulative_rows_scanned": 1382622617,
                                          "operator_cardinality": 80097,
                                          "operator_type": "PROJECTION",
                                          "operator_name": "PROJECTION",
                                          "cumulative_cardinality": 833518,
                                          "extra_info": {
                                            "Projections": [
                                              "#0",
                                              "__internal_compress_string_hugeint(#1)",
                                              "#2",
                                              "#3",
                                              "__internal_compress_string_hugeint(#4)",
                                              "#5"
                                            ],
                                            "Estimated Cardinality": "1223312"
                                          },
                                          "cpu_time": 0.7783796089999998,
                                          "children": [
                                            {
                                              "result_set_size": 5766984,
                                              "operator_timing": 0.02897122200000001,
                                              "operator_rows_scanned": 0,
                                              "cumulative_rows_scanned": 1382622617,
                                              "operator_cardinality": 80097,
                                              "operator_type": "HASH_JOIN",
                                              "operator_name": "HASH_JOIN",
                                              "cumulative_cardinality": 753421,
                                              "extra_info": {
                                                "Join Type": "INNER",
                                                "Conditions": "ss_item_sk = i_item_sk",
                                                "Estimated Cardinality": "1223312"
                                              },
                                              "cpu_time": 0.7723492629999998,
                                              "children": [
                                                {
                                                  "result_set_size": 3246168,
                                                  "operator_timing": 0.081521669,
                                                  "operator_rows_scanned": 0,
                                                  "cumulative_rows_scanned": 1382520617,
                                                  "operator_cardinality": 270514,
                                                  "operator_type": "HASH_JOIN",
                                                  "operator_name": "HASH_JOIN",
                                                  "cumulative_cardinality": 541090,
                                                  "extra_info": {
                                                    "Join Type": "INNER",
                                                    "Conditions": "ss_sold_date_sk = d_date_sk",
                                                    "Estimated Cardinality": "5759882"
                                                  },
                                                  "cpu_time": 0.7289535019999999,
                                                  "children": [
                                                    {
                                                      "result_set_size": 3246168,
                                                      "operator_timing": 0.6471498979999999,
                                                      "operator_rows_scanned": 1382447568,
                                                      "cumulative_rows_scanned": 1382447568,
                                                      "operator_cardinality": 270514,
                                                      "operator_type": "TABLE_SCAN",
                                                      "operator_name": "SEQ_SCAN ",
                                                      "cumulative_cardinality": 270514,
                                                      "extra_info": {
                                                        "Table": "store_sales",
                                                        "Type": "Sequential Scan",
                                                        "Projections": [
                                                          "ss_item_sk",
                                                          "ss_sold_date_sk",
                                                          "ss_ext_sales_price"
                                                        ],
                                                        "Estimated Cardinality": "28800991"
                                                      },
                                                      "cpu_time": 0.6471498979999999,
                                                      "children": []
                                                    },
                                                    {
                                                      "result_set_size": 124,
                                                      "operator_timing": 1.2788999999999999e-05,
                                                      "operator_rows_scanned": 0,
                                                      "cumulative_rows_scanned": 73049,
                                                      "operator_cardinality": 31,
                                                      "operator_type": "FILTER",
                                                      "operator_name": "FILTER",
                                                      "cumulative_cardinality": 62,
                                                      "extra_info": {
                                                        "Expression": "(d_date_sk BETWEEN 2450816 AND 2452642)",
                                                        "Estimated Cardinality": "14609"
                                                      },
                                                      "cpu_time": 0.000281935,
                                                      "children": [
                                                        {
                                                          "result_set_size": 124,
                                                          "operator_timing": 0.000269146,
                                                          "operator_rows_scanned": 73049,
                                                          "cumulative_rows_scanned": 73049,
                                                          "operator_cardinality": 31,
                                                          "operator_type": "TABLE_SCAN",
                                                          "operator_name": "SEQ_SCAN ",
                                                          "cumulative_cardinality": 31,
                                                          "extra_info": {
                                                            "Table": "date_dim",
                                                            "Type": "Sequential Scan",
                                                            "Projections": "d_date_sk",
                                                            "Filters": "d_date>='1998-04-14'::DATE AND d_date<='1998-05-14'::DATE",
                                                            "Estimated Cardinality": "14609"
                                                          },
                                                          "cpu_time": 0.000269146,
                                                          "children": []
                                                        }
                                                      ]
                                                    }
                                                  ]
                                                },
                                                {
                                                  "result_set_size": 2176848,
                                                  "operator_timing": 0.001426355,
                                                  "operator_rows_scanned": 0,
                                                  "cumulative_rows_scanned": 102000,
                                                  "operator_cardinality": 30234,
                                                  "operator_type": "FILTER",
                                                  "operator_name": "FILTER",
                                                  "cumulative_cardinality": 132234,
                                                  "extra_info": {
                                                    "Expression": "((i_category = 'Women') OR (i_category = 'Jewelry') OR (i_category = 'Books'))",
                                                    "Estimated Cardinality": "20400"
                                                  },
                                                  "cpu_time": 0.014424538999999998,
                                                  "children": [
                                                    {
                                                      "result_set_size": 7344000,
                                                      "operator_timing": 0.012998183999999998,
                                                      "operator_rows_scanned": 102000,
                                                      "cumulative_rows_scanned": 102000,
                                                      "operator_cardinality": 102000,
                                                      "operator_type": "TABLE_SCAN",
                                                      "operator_name": "SEQ_SCAN ",
                                                      "cumulative_cardinality": 102000,
                                                      "extra_info": {
                                                        "Table": "item",
                                                        "Type": "Sequential Scan",
                                                        "Projections": [
                                                          "i_item_sk",
                                                          "i_category",
                                                          "i_item_id",
                                                          "i_item_desc",
                                                          "i_class",
                                                          "i_current_price"
                                                        ],
                                                        "Filters": "optional: i_category IN ('Women', 'Jewelry', 'Books')",
                                                        "Estimated Cardinality": "102000"
                                                      },
                                                      "cpu_time": 0.012998183999999998,
                                                      "children": []
                                                    }
                                                  ]
                                                }
                                              ]
                                            }
                                          ]
                                        }
                                      ]
                                    }
                                  ]
                                }
                              ]
                            }
                          ]
                        }
                      ]
                    }
                  ]
                }
              ]
            }
          ]
        }
      ]
    }
  ]
}